Running from: /usr/share/jenkins/jenkins.war
webroot: /var/jenkins_home/war
2026-01-02 16:40:55.258+0000 [id=1]	INFO	winstone.Logger#logInternal: Beginning extraction from war file
2026-01-02 16:40:56.705+0000 [id=1]	WARNING	o.e.j.ee9.nested.ContextHandler#setContextPath: Empty contextPath
2026-01-02 16:40:56.844+0000 [id=1]	INFO	org.eclipse.jetty.server.Server#doStart: jetty-12.0.25; built: 2025-08-11T23:52:37.219Z; git: a862b76d8372e24205765182d9ae1d1d333ce2ea; jvm 21.0.9+10-LTS
2026-01-02 16:40:57.737+0000 [id=1]	INFO	o.e.j.e.w.StandardDescriptorProcessor#visitServlet: NO JSP Support for /, did not find org.eclipse.jetty.ee9.jsp.JettyJspServlet
2026-01-02 16:40:55.397+0000 [id=1]	INFO	o.e.j.s.DefaultSessionIdManager#doStart: Session workerName=node0
2026-01-02 16:40:56.179+0000 [id=1]	INFO	hudson.WebAppMain#contextInitialized: Jenkins home directory: /var/jenkins_home found at: EnvVars.masterEnvVars.get("JENKINS_HOME")
2026-01-02 16:40:56.363+0000 [id=1]	INFO	o.e.j.s.handler.ContextHandler#doStart: Started oeje9n.ContextHandler$CoreContextHandler@3c782d8e{Jenkins v2.528.3,/,b=file:///var/jenkins_home/war/,a=AVAILABLE,h=oeje9n.ContextHandler$CoreContextHandler$CoreToNestedHandler@572e6fd9{STARTED}}
2026-01-02 16:40:56.385+0000 [id=1]	INFO	o.e.j.server.AbstractConnector#doStart: Started ServerConnector@7bca6fac{HTTP/1.1, (http/1.1)}{0.0.0.0:8080}
2026-01-02 16:40:56.407+0000 [id=1]	INFO	org.eclipse.jetty.server.Server#doStart: Started oejs.Server@3668d4{STARTING}[12.0.25,sto=0] @4795ms
2026-01-02 16:40:56.410+0000 [id=43]	INFO	winstone.Logger#logInternal: Winstone Servlet Engine running: controlPort=disabled
2026-01-02 16:40:57.063+0000 [id=42]	INFO	jenkins.model.Jenkins#<init>: Starting version 2.528.3
2026-01-02 16:40:57.282+0000 [id=51]	INFO	jenkins.InitReactorRunner$1#onAttained: Started initialization
2026-01-02 16:40:57.348+0000 [id=72]	INFO	jenkins.InitReactorRunner$1#onAttained: Listed all plugins
2026-01-02 16:40:58.724+0000 [id=61]	INFO	jenkins.InitReactorRunner$1#onAttained: Prepared all plugins
2026-01-02 16:40:58.732+0000 [id=63]	INFO	jenkins.InitReactorRunner$1#onAttained: Started all plugins
2026-01-02 16:40:58.734+0000 [id=51]	INFO	jenkins.InitReactorRunner$1#onAttained: Augmented all extensions
2026-01-02 16:40:58.935+0000 [id=59]	INFO	jenkins.InitReactorRunner$1#onAttained: System config loaded
2026-01-02 16:40:58.936+0000 [id=57]	INFO	jenkins.InitReactorRunner$1#onAttained: System config adapted
2026-01-02 16:40:58.937+0000 [id=71]	INFO	jenkins.InitReactorRunner$1#onAttained: Loaded all jobs
2026-01-02 16:40:58.939+0000 [id=72]	INFO	jenkins.InitReactorRunner$1#onAttained: Configuration for all jobs updated
2026-01-02 16:40:58.963+0000 [id=86]	INFO	hudson.util.Retrier#start: Attempt #1 to do the action check updates server
2026-01-02 16:40:59.439+0000 [id=58]	INFO	jenkins.install.SetupWizard#init: 
[LF]> 
[LF]> *************************************************************
[LF]> *************************************************************
[LF]> *************************************************************
[LF]> 
[LF]> Jenkins initial setup is required. An admin user has been created and a password generated.
[LF]> Please use the following password to proceed to installation:
[LF]> 
[LF]> 4c1725b38609467fb4b77ee3017e7bbe
[LF]> 
[LF]> This may also be found at: /var/jenkins_home/secrets/initialAdminPassword
[LF]> 
[LF]> *************************************************************
[LF]> *************************************************************
[LF]> *************************************************************

2026-01-02 16:41:09.666+0000 [id=58]	INFO	jenkins.InitReactorRunner$1#onAttained: Completed initialization
2026-01-02 16:41:09.688+0000 [id=42]	INFO	hudson.lifecycle.Lifecycle#onReady: Jenkins is fully up and running
2026-01-02 16:41:11.590+0000 [id=86]	INFO	h.m.DownloadService$Downloadable#load: Obtained the updated data file for hudson.tasks.Maven.MavenInstaller
2026-01-02 16:41:11.591+0000 [id=86]	INFO	hudson.util.Retrier#start: Performed the action check updates server successfully at the attempt #1
2026-01-02 16:58:50.099+0000 [id=30]	INFO	hudson.PluginManager#install: Starting installation of a batch of 19 plugins plus their dependencies
2026-01-02 16:58:50.106+0000 [id=30]	INFO	hudson.model.UpdateSite$Plugin#deploy: Adding dependent install of ionicons-api for plugin cloudbees-folder
2026-01-02 16:58:50.109+0000 [id=30]	INFO	hudson.model.UpdateSite$Plugin#deploy: Adding dependent install of commons-lang3-api for plugin ionicons-api
2026-01-02 16:58:50.114+0000 [id=132]	INFO	h.model.UpdateCenter$DownloadJob#run: Starting the installation of commons-lang3-api on behalf of admin
2026-01-02 16:58:50.116+0000 [id=30]	INFO	hudson.model.UpdateSite$Plugin#deploy: Adding dependent install of json-path-api for plugin build-timeout
2026-01-02 16:58:50.118+0000 [id=30]	INFO	hudson.model.UpdateSite$Plugin#deploy: Adding dependent install of asm-api for plugin json-path-api
2026-01-02 16:58:50.119+0000 [id=30]	INFO	hudson.model.UpdateSite$Plugin#deploy: Adding dependent install of token-macro for plugin build-timeout
2026-01-02 16:58:50.122+0000 [id=30]	INFO	hudson.model.UpdateSite$Plugin#deploy: Adding dependent install of workflow-step-api for plugin token-macro
2026-01-02 16:58:50.123+0000 [id=30]	INFO	hudson.model.UpdateSite$Plugin#deploy: Adding dependent install of structs for plugin workflow-step-api
2026-01-02 16:58:50.124+0000 [id=30]	INFO	hudson.model.UpdateSite$Plugin#deploy: Adding dependent install of commons-text-api for plugin token-macro
2026-01-02 16:58:50.128+0000 [id=30]	INFO	hudson.model.UpdateSite$Plugin#deploy: Adding dependent install of plain-credentials for plugin credentials-binding
2026-01-02 16:58:50.129+0000 [id=30]	INFO	hudson.model.UpdateSite$Plugin#deploy: Adding dependent install of credentials for plugin plain-credentials
2026-01-02 16:58:50.132+0000 [id=30]	INFO	hudson.model.UpdateSite$Plugin#deploy: Adding dependent install of bouncycastle-api for plugin credentials
2026-01-02 16:58:50.133+0000 [id=30]	INFO	hudson.model.UpdateSite$Plugin#deploy: Adding dependent install of ssh-credentials for plugin credentials-binding
2026-01-02 16:58:50.135+0000 [id=30]	INFO	hudson.model.UpdateSite$Plugin#deploy: Adding dependent install of variant for plugin ssh-credentials
2026-01-02 16:58:50.138+0000 [id=30]	INFO	hudson.model.UpdateSite$Plugin#deploy: Adding dependent install of workflow-api for plugin timestamper
2026-01-02 16:58:50.140+0000 [id=30]	INFO	hudson.model.UpdateSite$Plugin#deploy: Adding dependent install of scm-api for plugin workflow-api
2026-01-02 16:58:50.142+0000 [id=30]	INFO	hudson.model.UpdateSite$Plugin#deploy: Adding dependent install of matrix-project for plugin ws-cleanup
2026-01-02 16:58:50.144+0000 [id=30]	INFO	hudson.model.UpdateSite$Plugin#deploy: Adding dependent install of script-security for plugin matrix-project
2026-01-02 16:58:50.145+0000 [id=30]	INFO	hudson.model.UpdateSite$Plugin#deploy: Adding dependent install of caffeine-api for plugin script-security
2026-01-02 16:58:50.146+0000 [id=30]	INFO	hudson.model.UpdateSite$Plugin#deploy: Adding dependent install of junit for plugin matrix-project
2026-01-02 16:58:50.148+0000 [id=30]	INFO	hudson.model.UpdateSite$Plugin#deploy: Adding dependent install of jackson2-api for plugin junit
2026-01-02 16:58:50.148+0000 [id=132]	INFO	h.m.UpdateCenter$UpdateCenterConfiguration#download: Downloading commons-lang3-api
2026-01-02 16:58:50.151+0000 [id=30]	INFO	hudson.model.UpdateSite$Plugin#deploy: Adding dependent install of jaxb for plugin jackson2-api
2026-01-02 16:58:50.152+0000 [id=30]	INFO	hudson.model.UpdateSite$Plugin#deploy: Adding dependent install of javax-activation-api for plugin jaxb
2026-01-02 16:58:50.153+0000 [id=30]	INFO	hudson.model.UpdateSite$Plugin#deploy: Adding dependent install of snakeyaml-api for plugin jackson2-api
2026-01-02 16:58:50.154+0000 [id=30]	INFO	hudson.model.UpdateSite$Plugin#deploy: Adding dependent install of jakarta-xml-bind-api for plugin jackson2-api
2026-01-02 16:58:50.155+0000 [id=30]	INFO	hudson.model.UpdateSite$Plugin#deploy: Adding dependent install of jakarta-activation-api for plugin jakarta-xml-bind-api
2026-01-02 16:58:50.156+0000 [id=30]	INFO	hudson.model.UpdateSite$Plugin#deploy: Adding dependent install of json-api for plugin jackson2-api
2026-01-02 16:58:50.156+0000 [id=30]	INFO	hudson.model.UpdateSite$Plugin#deploy: Adding dependent install of bootstrap5-api for plugin junit
2026-01-02 16:58:50.158+0000 [id=30]	INFO	hudson.model.UpdateSite$Plugin#deploy: Adding dependent install of font-awesome-api for plugin bootstrap5-api
2026-01-02 16:58:50.160+0000 [id=30]	INFO	hudson.model.UpdateSite$Plugin#deploy: Adding dependent install of plugin-util-api for plugin font-awesome-api
2026-01-02 16:58:50.161+0000 [id=30]	INFO	hudson.model.UpdateSite$Plugin#deploy: Adding dependent install of workflow-support for plugin plugin-util-api
2026-01-02 16:58:50.163+0000 [id=30]	INFO	hudson.model.UpdateSite$Plugin#deploy: Adding dependent install of echarts-api for plugin junit
2026-01-02 16:58:50.166+0000 [id=30]	INFO	hudson.model.UpdateSite$Plugin#deploy: Adding dependent install of jquery3-api for plugin echarts-api
2026-01-02 16:58:50.167+0000 [id=30]	INFO	hudson.model.UpdateSite$Plugin#deploy: Adding dependent install of prism-api for plugin junit
2026-01-02 16:58:50.169+0000 [id=30]	INFO	hudson.model.UpdateSite$Plugin#deploy: Adding dependent install of display-url-api for plugin junit
2026-01-02 16:58:50.170+0000 [id=30]	INFO	hudson.model.UpdateSite$Plugin#deploy: Adding dependent install of checks-api for plugin junit
2026-01-02 16:58:50.172+0000 [id=30]	INFO	hudson.model.UpdateSite$Plugin#deploy: Adding dependent install of resource-disposer for plugin ws-cleanup
2026-01-02 16:58:50.175+0000 [id=30]	INFO	hudson.model.UpdateSite$Plugin#deploy: Adding dependent install of okhttp-api for plugin gradle
2026-01-02 16:58:50.177+0000 [id=30]	INFO	hudson.model.UpdateSite$Plugin#deploy: Adding dependent install of apache-httpcomponents-client-4-api for plugin gradle
2026-01-02 16:58:50.178+0000 [id=30]	INFO	hudson.model.UpdateSite$Plugin#deploy: Adding dependent install of workflow-job for plugin gradle
2026-01-02 16:58:50.181+0000 [id=30]	INFO	hudson.model.UpdateSite$Plugin#deploy: Adding dependent install of pipeline-milestone-step for plugin workflow-aggregator
2026-01-02 16:58:50.182+0000 [id=30]	INFO	hudson.model.UpdateSite$Plugin#deploy: Adding dependent install of workflow-durable-task-step for plugin workflow-aggregator
2026-01-02 16:58:50.184+0000 [id=30]	INFO	hudson.model.UpdateSite$Plugin#deploy: Adding dependent install of durable-task for plugin workflow-durable-task-step
2026-01-02 16:58:50.185+0000 [id=30]	INFO	hudson.model.UpdateSite$Plugin#deploy: Adding dependent install of pipeline-build-step for plugin workflow-aggregator
2026-01-02 16:58:50.186+0000 [id=30]	INFO	hudson.model.UpdateSite$Plugin#deploy: Adding dependent install of pipeline-groovy-lib for plugin workflow-aggregator
2026-01-02 16:58:50.188+0000 [id=30]	INFO	hudson.model.UpdateSite$Plugin#deploy: Adding dependent install of workflow-scm-step for plugin pipeline-groovy-lib
2026-01-02 16:58:50.189+0000 [id=30]	INFO	hudson.model.UpdateSite$Plugin#deploy: Adding dependent install of workflow-cps for plugin pipeline-groovy-lib
2026-01-02 16:58:50.192+0000 [id=30]	INFO	hudson.model.UpdateSite$Plugin#deploy: Adding dependent install of pipeline-model-definition for plugin workflow-aggregator
2026-01-02 16:58:50.196+0000 [id=30]	INFO	hudson.model.UpdateSite$Plugin#deploy: Adding dependent install of pipeline-model-extensions for plugin pipeline-model-definition
2026-01-02 16:58:50.198+0000 [id=30]	INFO	hudson.model.UpdateSite$Plugin#deploy: Adding dependent install of pipeline-model-api for plugin pipeline-model-extensions
2026-01-02 16:58:50.200+0000 [id=30]	INFO	hudson.model.UpdateSite$Plugin#deploy: Adding dependent install of joda-time-api for plugin pipeline-model-api
2026-01-02 16:58:50.201+0000 [id=30]	INFO	hudson.model.UpdateSite$Plugin#deploy: Adding dependent install of pipeline-stage-step for plugin pipeline-model-extensions
2026-01-02 16:58:50.202+0000 [id=30]	INFO	hudson.model.UpdateSite$Plugin#deploy: Adding dependent install of mailer for plugin pipeline-model-definition
2026-01-02 16:58:50.203+0000 [id=30]	INFO	hudson.model.UpdateSite$Plugin#deploy: Adding dependent install of jakarta-mail-api for plugin mailer
2026-01-02 16:58:50.205+0000 [id=30]	INFO	hudson.model.UpdateSite$Plugin#deploy: Adding dependent install of instance-identity for plugin mailer
2026-01-02 16:58:50.206+0000 [id=30]	INFO	hudson.model.UpdateSite$Plugin#deploy: Adding dependent install of workflow-multibranch for plugin pipeline-model-definition
2026-01-02 16:58:50.208+0000 [id=30]	INFO	hudson.model.UpdateSite$Plugin#deploy: Adding dependent install of branch-api for plugin workflow-multibranch
2026-01-02 16:58:50.210+0000 [id=30]	INFO	hudson.model.UpdateSite$Plugin#deploy: Adding dependent install of pipeline-stage-tags-metadata for plugin pipeline-model-definition
2026-01-02 16:58:50.211+0000 [id=30]	INFO	hudson.model.UpdateSite$Plugin#deploy: Adding dependent install of pipeline-input-step for plugin pipeline-model-definition
2026-01-02 16:58:50.212+0000 [id=30]	INFO	hudson.model.UpdateSite$Plugin#deploy: Adding dependent install of workflow-basic-steps for plugin pipeline-model-definition
2026-01-02 16:58:50.215+0000 [id=30]	INFO	hudson.model.UpdateSite$Plugin#deploy: Adding dependent install of jjwt-api for plugin github-branch-source
2026-01-02 16:58:50.216+0000 [id=30]	INFO	hudson.model.UpdateSite$Plugin#deploy: Adding dependent install of github-api for plugin github-branch-source
2026-01-02 16:58:50.217+0000 [id=30]	INFO	hudson.model.UpdateSite$Plugin#deploy: Adding dependent install of github for plugin github-branch-source
2026-01-02 16:58:50.218+0000 [id=30]	INFO	hudson.model.UpdateSite$Plugin#deploy: Adding dependent install of git for plugin github
2026-01-02 16:58:50.220+0000 [id=30]	INFO	hudson.model.UpdateSite$Plugin#deploy: Adding dependent install of git-client for plugin git
2026-01-02 16:58:50.221+0000 [id=30]	INFO	hudson.model.UpdateSite$Plugin#deploy: Adding dependent install of mina-sshd-api-core for plugin git-client
2026-01-02 16:58:50.222+0000 [id=30]	INFO	hudson.model.UpdateSite$Plugin#deploy: Adding dependent install of mina-sshd-api-common for plugin mina-sshd-api-core
2026-01-02 16:58:50.223+0000 [id=30]	INFO	hudson.model.UpdateSite$Plugin#deploy: Adding dependent install of gson-api for plugin git-client
2026-01-02 16:58:50.227+0000 [id=30]	INFO	hudson.model.UpdateSite$Plugin#deploy: Adding dependent install of metrics for plugin pipeline-graph-view
2026-01-02 16:58:50.230+0000 [id=30]	INFO	hudson.model.UpdateSite$Plugin#deploy: Adding dependent install of trilead-api for plugin ssh-slaves
2026-01-02 16:58:50.231+0000 [id=30]	INFO	hudson.model.UpdateSite$Plugin#deploy: Adding dependent install of eddsa-api for plugin trilead-api
2026-01-02 16:58:50.235+0000 [id=30]	INFO	hudson.model.UpdateSite$Plugin#deploy: Adding dependent install of jsoup for plugin email-ext
2026-01-02 16:58:50.238+0000 [id=30]	INFO	hudson.model.UpdateSite$Plugin#deploy: Adding dependent install of theme-manager for plugin dark-theme
2026-01-02 16:58:52.233+0000 [id=132]	INFO	h.model.UpdateCenter$DownloadJob#run: Installation successful: commons-lang3-api
2026-01-02 16:58:52.234+0000 [id=132]	INFO	h.model.UpdateCenter$DownloadJob#run: Starting the installation of ionicons-api on behalf of admin
2026-01-02 16:58:52.355+0000 [id=132]	INFO	h.model.UpdateCenter$DownloadJob#run: Installation successful: ionicons-api
2026-01-02 16:58:52.356+0000 [id=132]	INFO	h.model.UpdateCenter$DownloadJob#run: Starting the installation of cloudbees-folder on behalf of admin
2026-01-02 16:58:52.359+0000 [id=132]	INFO	h.m.UpdateCenter$UpdateCenterConfiguration#download: Downloading cloudbees-folder
2026-01-02 16:58:54.123+0000 [id=132]	INFO	h.model.UpdateCenter$DownloadJob#run: Installation successful: cloudbees-folder
2026-01-02 16:58:54.124+0000 [id=132]	INFO	h.model.UpdateCenter$DownloadJob#run: Starting the installation of antisamy-markup-formatter on behalf of admin
2026-01-02 16:58:54.207+0000 [id=132]	INFO	h.model.UpdateCenter$DownloadJob#run: Installation successful: antisamy-markup-formatter
2026-01-02 16:58:54.208+0000 [id=132]	INFO	h.model.UpdateCenter$DownloadJob#run: Starting the installation of asm-api on behalf of admin
2026-01-02 16:58:54.231+0000 [id=132]	INFO	h.m.UpdateCenter$UpdateCenterConfiguration#download: Downloading asm-api
2026-01-02 16:58:55.933+0000 [id=132]	INFO	h.model.UpdateCenter$DownloadJob#run: Installation successful: asm-api
2026-01-02 16:58:55.934+0000 [id=132]	INFO	h.model.UpdateCenter$DownloadJob#run: Starting the installation of json-path-api on behalf of admin
2026-01-02 16:58:55.935+0000 [id=132]	INFO	h.m.UpdateCenter$UpdateCenterConfiguration#download: Downloading json-path-api
2026-01-02 16:58:57.746+0000 [id=132]	INFO	h.model.UpdateCenter$DownloadJob#run: Installation successful: json-path-api
2026-01-02 16:58:57.747+0000 [id=132]	INFO	h.model.UpdateCenter$DownloadJob#run: Starting the installation of structs on behalf of admin
2026-01-02 16:58:57.750+0000 [id=132]	INFO	h.m.UpdateCenter$UpdateCenterConfiguration#download: Downloading structs
2026-01-02 16:58:59.375+0000 [id=132]	INFO	h.model.UpdateCenter$DownloadJob#run: Installation successful: structs
2026-01-02 16:58:59.376+0000 [id=132]	INFO	h.model.UpdateCenter$DownloadJob#run: Starting the installation of workflow-step-api on behalf of admin
2026-01-02 16:58:59.385+0000 [id=132]	INFO	h.m.UpdateCenter$UpdateCenterConfiguration#download: Downloading workflow-step-api
2026-01-02 16:59:00.958+0000 [id=132]	INFO	h.model.UpdateCenter$DownloadJob#run: Installation successful: workflow-step-api
2026-01-02 16:59:00.958+0000 [id=132]	INFO	h.model.UpdateCenter$DownloadJob#run: Starting the installation of commons-text-api on behalf of admin
2026-01-02 16:59:00.970+0000 [id=132]	INFO	h.m.UpdateCenter$UpdateCenterConfiguration#download: Downloading commons-text-api
2026-01-02 16:59:02.541+0000 [id=132]	INFO	h.model.UpdateCenter$DownloadJob#run: Installation successful: commons-text-api
2026-01-02 16:59:02.542+0000 [id=132]	INFO	h.model.UpdateCenter$DownloadJob#run: Starting the installation of token-macro on behalf of admin
2026-01-02 16:59:02.544+0000 [id=132]	INFO	h.m.UpdateCenter$UpdateCenterConfiguration#download: Downloading token-macro
2026-01-02 16:59:04.147+0000 [id=132]	INFO	h.model.UpdateCenter$DownloadJob#run: Installation successful: token-macro
2026-01-02 16:59:04.148+0000 [id=132]	INFO	h.model.UpdateCenter$DownloadJob#run: Starting the installation of build-timeout on behalf of admin
2026-01-02 16:59:04.148+0000 [id=132]	INFO	h.m.UpdateCenter$UpdateCenterConfiguration#download: Downloading build-timeout
2026-01-02 16:59:05.817+0000 [id=132]	INFO	h.model.UpdateCenter$DownloadJob#run: Installation successful: build-timeout
2026-01-02 16:59:05.818+0000 [id=132]	INFO	h.model.UpdateCenter$DownloadJob#run: Starting the installation of bouncycastle-api on behalf of admin
2026-01-02 16:59:06.049+0000 [id=132]	INFO	h.m.UpdateCenter$UpdateCenterConfiguration#download: Downloading bouncycastle-api
2026-01-02 16:59:10.349+0000 [id=132]	INFO	h.model.UpdateCenter$DownloadJob#run: Installation successful: bouncycastle-api
2026-01-02 16:59:10.350+0000 [id=132]	INFO	h.model.UpdateCenter$DownloadJob#run: Starting the installation of credentials on behalf of admin
2026-01-02 16:59:10.351+0000 [id=132]	INFO	h.m.UpdateCenter$UpdateCenterConfiguration#download: Downloading credentials
2026-01-02 16:59:12.094+0000 [id=132]	INFO	h.model.UpdateCenter$DownloadJob#run: Installation successful: credentials
2026-01-02 16:59:12.095+0000 [id=132]	INFO	h.model.UpdateCenter$DownloadJob#run: Starting the installation of plain-credentials on behalf of admin
2026-01-02 16:59:12.096+0000 [id=132]	INFO	h.m.UpdateCenter$UpdateCenterConfiguration#download: Downloading plain-credentials
2026-01-02 16:59:13.766+0000 [id=132]	INFO	h.model.UpdateCenter$DownloadJob#run: Installation successful: plain-credentials
2026-01-02 16:59:13.768+0000 [id=132]	INFO	h.model.UpdateCenter$DownloadJob#run: Starting the installation of variant on behalf of admin
2026-01-02 16:59:13.769+0000 [id=132]	INFO	h.m.UpdateCenter$UpdateCenterConfiguration#download: Downloading variant
2026-01-02 16:59:15.426+0000 [id=132]	INFO	h.model.UpdateCenter$DownloadJob#run: Installation successful: variant
2026-01-02 16:59:15.427+0000 [id=132]	INFO	h.model.UpdateCenter$DownloadJob#run: Starting the installation of ssh-credentials on behalf of admin
2026-01-02 16:59:15.427+0000 [id=132]	INFO	h.m.UpdateCenter$UpdateCenterConfiguration#download: Downloading ssh-credentials
2026-01-02 16:59:17.105+0000 [id=132]	INFO	h.model.UpdateCenter$DownloadJob#run: Installation successful: ssh-credentials
2026-01-02 16:59:17.105+0000 [id=132]	INFO	h.model.UpdateCenter$DownloadJob#run: Starting the installation of credentials-binding on behalf of admin
2026-01-02 16:59:17.106+0000 [id=132]	INFO	h.m.UpdateCenter$UpdateCenterConfiguration#download: Downloading credentials-binding
2026-01-02 16:59:18.559+0000 [id=132]	INFO	h.model.UpdateCenter$DownloadJob#run: Installation successful: credentials-binding
2026-01-02 16:59:18.560+0000 [id=132]	INFO	h.model.UpdateCenter$DownloadJob#run: Starting the installation of scm-api on behalf of admin
2026-01-02 16:59:18.572+0000 [id=132]	INFO	h.m.UpdateCenter$UpdateCenterConfiguration#download: Downloading scm-api
2026-01-02 16:59:20.218+0000 [id=132]	INFO	h.model.UpdateCenter$DownloadJob#run: Installation successful: scm-api
2026-01-02 16:59:20.218+0000 [id=132]	INFO	h.model.UpdateCenter$DownloadJob#run: Starting the installation of workflow-api on behalf of admin
2026-01-02 16:59:20.245+0000 [id=132]	INFO	h.model.UpdateCenter$DownloadJob#run: Installation successful: workflow-api
2026-01-02 16:59:20.245+0000 [id=132]	INFO	h.model.UpdateCenter$DownloadJob#run: Starting the installation of timestamper on behalf of admin
2026-01-02 16:59:20.246+0000 [id=132]	INFO	h.m.UpdateCenter$UpdateCenterConfiguration#download: Downloading timestamper
2026-01-02 16:59:21.794+0000 [id=132]	INFO	h.model.UpdateCenter$DownloadJob#run: Installation successful: timestamper
2026-01-02 16:59:21.795+0000 [id=132]	INFO	h.model.UpdateCenter$DownloadJob#run: Starting the installation of caffeine-api on behalf of admin
2026-01-02 16:59:21.828+0000 [id=132]	INFO	h.m.UpdateCenter$UpdateCenterConfiguration#download: Downloading caffeine-api
2026-01-02 16:59:21.314+0000 [id=132]	INFO	h.model.UpdateCenter$DownloadJob#run: Installation successful: caffeine-api
2026-01-02 16:59:21.314+0000 [id=132]	INFO	h.model.UpdateCenter$DownloadJob#run: Starting the installation of script-security on behalf of admin
2026-01-02 16:59:21.321+0000 [id=132]	INFO	h.m.UpdateCenter$UpdateCenterConfiguration#download: Downloading script-security
2026-01-02 16:59:22.879+0000 [id=132]	INFO	h.model.UpdateCenter$DownloadJob#run: Installation successful: script-security
2026-01-02 16:59:22.880+0000 [id=132]	INFO	h.model.UpdateCenter$DownloadJob#run: Starting the installation of javax-activation-api on behalf of admin
2026-01-02 16:59:22.891+0000 [id=132]	INFO	h.model.UpdateCenter$DownloadJob#run: Installation successful: javax-activation-api
2026-01-02 16:59:22.892+0000 [id=132]	INFO	h.model.UpdateCenter$DownloadJob#run: Starting the installation of jaxb on behalf of admin
2026-01-02 16:59:22.904+0000 [id=132]	INFO	h.m.UpdateCenter$UpdateCenterConfiguration#download: Downloading jaxb
2026-01-02 16:59:24.790+0000 [id=132]	INFO	h.model.UpdateCenter$DownloadJob#run: Installation successful: jaxb
2026-01-02 16:59:24.791+0000 [id=132]	INFO	h.model.UpdateCenter$DownloadJob#run: Starting the installation of snakeyaml-api on behalf of admin
2026-01-02 16:59:24.796+0000 [id=132]	INFO	h.m.UpdateCenter$UpdateCenterConfiguration#download: Downloading snakeyaml-api
2026-01-02 16:59:26.916+0000 [id=132]	INFO	h.model.UpdateCenter$DownloadJob#run: Installation successful: snakeyaml-api
2026-01-02 16:59:26.917+0000 [id=132]	INFO	h.model.UpdateCenter$DownloadJob#run: Starting the installation of jakarta-activation-api on behalf of admin
2026-01-02 16:59:26.963+0000 [id=132]	INFO	h.m.UpdateCenter$UpdateCenterConfiguration#download: Downloading jakarta-activation-api
2026-01-02 16:59:28.780+0000 [id=132]	INFO	h.model.UpdateCenter$DownloadJob#run: Installation successful: jakarta-activation-api
2026-01-02 16:59:28.780+0000 [id=132]	INFO	h.model.UpdateCenter$DownloadJob#run: Starting the installation of jakarta-xml-bind-api on behalf of admin
2026-01-02 16:59:28.781+0000 [id=132]	INFO	h.m.UpdateCenter$UpdateCenterConfiguration#download: Downloading jakarta-xml-bind-api
2026-01-02 16:59:30.820+0000 [id=132]	INFO	h.model.UpdateCenter$DownloadJob#run: Installation successful: jakarta-xml-bind-api
2026-01-02 16:59:30.820+0000 [id=132]	INFO	h.model.UpdateCenter$DownloadJob#run: Starting the installation of json-api on behalf of admin
2026-01-02 16:59:30.882+0000 [id=132]	INFO	h.m.UpdateCenter$UpdateCenterConfiguration#download: Downloading json-api
2026-01-02 16:59:32.487+0000 [id=132]	INFO	h.model.UpdateCenter$DownloadJob#run: Installation successful: json-api
2026-01-02 16:59:32.487+0000 [id=132]	INFO	h.model.UpdateCenter$DownloadJob#run: Starting the installation of jackson2-api on behalf of admin
2026-01-02 16:59:32.585+0000 [id=132]	INFO	h.m.UpdateCenter$UpdateCenterConfiguration#download: Downloading jackson2-api
2026-01-02 16:59:35.690+0000 [id=132]	INFO	h.model.UpdateCenter$DownloadJob#run: Installation successful: jackson2-api
2026-01-02 16:59:35.690+0000 [id=132]	INFO	h.model.UpdateCenter$DownloadJob#run: Starting the installation of workflow-support on behalf of admin
2026-01-02 16:59:35.756+0000 [id=132]	INFO	h.m.UpdateCenter$UpdateCenterConfiguration#download: Downloading workflow-support
2026-01-02 16:59:37.474+0000 [id=132]	INFO	h.model.UpdateCenter$DownloadJob#run: Installation successful: workflow-support
2026-01-02 16:59:37.474+0000 [id=132]	INFO	h.model.UpdateCenter$DownloadJob#run: Starting the installation of plugin-util-api on behalf of admin
2026-01-02 16:59:37.486+0000 [id=132]	INFO	h.m.UpdateCenter$UpdateCenterConfiguration#download: Downloading plugin-util-api
2026-01-02 16:59:39.292+0000 [id=132]	INFO	h.model.UpdateCenter$DownloadJob#run: Installation successful: plugin-util-api
2026-01-02 16:59:39.293+0000 [id=132]	INFO	h.model.UpdateCenter$DownloadJob#run: Starting the installation of font-awesome-api on behalf of admin
2026-01-02 16:59:39.343+0000 [id=132]	INFO	h.m.UpdateCenter$UpdateCenterConfiguration#download: Downloading font-awesome-api
2026-01-02 16:59:41.307+0000 [id=132]	INFO	h.model.UpdateCenter$DownloadJob#run: Installation successful: font-awesome-api
2026-01-02 16:59:41.307+0000 [id=132]	INFO	h.model.UpdateCenter$DownloadJob#run: Starting the installation of bootstrap5-api on behalf of admin
2026-01-02 16:59:41.376+0000 [id=132]	INFO	h.m.UpdateCenter$UpdateCenterConfiguration#download: Downloading bootstrap5-api
2026-01-02 16:59:43.696+0000 [id=132]	INFO	h.model.UpdateCenter$DownloadJob#run: Installation successful: bootstrap5-api
2026-01-02 16:59:43.696+0000 [id=132]	INFO	h.model.UpdateCenter$DownloadJob#run: Starting the installation of jquery3-api on behalf of admin
2026-01-02 16:59:43.759+0000 [id=132]	INFO	h.m.UpdateCenter$UpdateCenterConfiguration#download: Downloading jquery3-api
2026-01-02 16:59:45.309+0000 [id=132]	INFO	h.model.UpdateCenter$DownloadJob#run: Installation successful: jquery3-api
2026-01-02 16:59:45.309+0000 [id=132]	INFO	h.model.UpdateCenter$DownloadJob#run: Starting the installation of echarts-api on behalf of admin
2026-01-02 16:59:45.430+0000 [id=132]	INFO	h.m.UpdateCenter$UpdateCenterConfiguration#download: Downloading echarts-api
2026-01-02 16:59:48.483+0000 [id=132]	INFO	h.model.UpdateCenter$DownloadJob#run: Installation successful: echarts-api
2026-01-02 16:59:48.483+0000 [id=132]	INFO	h.model.UpdateCenter$DownloadJob#run: Starting the installation of prism-api on behalf of admin
2026-01-02 16:59:48.483+0000 [id=132]	INFO	h.m.UpdateCenter$UpdateCenterConfiguration#download: Downloading prism-api
2026-01-02 16:59:51.152+0000 [id=132]	INFO	h.model.UpdateCenter$DownloadJob#run: Installation successful: prism-api
2026-01-02 16:59:51.152+0000 [id=132]	INFO	h.model.UpdateCenter$DownloadJob#run: Starting the installation of display-url-api on behalf of admin
2026-01-02 16:59:51.163+0000 [id=132]	INFO	h.model.UpdateCenter$DownloadJob#run: Installation successful: display-url-api
2026-01-02 16:59:51.163+0000 [id=132]	INFO	h.model.UpdateCenter$DownloadJob#run: Starting the installation of checks-api on behalf of admin
2026-01-02 16:59:51.166+0000 [id=132]	INFO	h.m.UpdateCenter$UpdateCenterConfiguration#download: Downloading checks-api
2026-01-02 16:59:50.424+0000 [id=132]	INFO	h.model.UpdateCenter$DownloadJob#run: Installation successful: checks-api
2026-01-02 16:59:50.425+0000 [id=132]	INFO	h.model.UpdateCenter$DownloadJob#run: Starting the installation of junit on behalf of admin
2026-01-02 16:59:50.501+0000 [id=132]	INFO	h.m.UpdateCenter$UpdateCenterConfiguration#download: Downloading junit
2026-01-02 16:59:52.374+0000 [id=132]	INFO	h.model.UpdateCenter$DownloadJob#run: Installation successful: junit
2026-01-02 16:59:52.374+0000 [id=132]	INFO	h.model.UpdateCenter$DownloadJob#run: Starting the installation of matrix-project on behalf of admin
2026-01-02 16:59:52.440+0000 [id=132]	INFO	h.m.UpdateCenter$UpdateCenterConfiguration#download: Downloading matrix-project
2026-01-02 16:59:54.122+0000 [id=132]	INFO	h.model.UpdateCenter$DownloadJob#run: Installation successful: matrix-project
2026-01-02 16:59:54.122+0000 [id=132]	INFO	h.model.UpdateCenter$DownloadJob#run: Starting the installation of resource-disposer on behalf of admin
2026-01-02 16:59:54.123+0000 [id=132]	INFO	h.m.UpdateCenter$UpdateCenterConfiguration#download: Downloading resource-disposer
2026-01-02 16:59:55.743+0000 [id=132]	INFO	h.model.UpdateCenter$DownloadJob#run: Installation successful: resource-disposer
2026-01-02 16:59:55.744+0000 [id=132]	INFO	h.model.UpdateCenter$DownloadJob#run: Starting the installation of ws-cleanup on behalf of admin
2026-01-02 16:59:55.745+0000 [id=132]	INFO	h.m.UpdateCenter$UpdateCenterConfiguration#download: Downloading ws-cleanup
2026-01-02 16:59:57.418+0000 [id=132]	INFO	h.model.UpdateCenter$DownloadJob#run: Installation successful: ws-cleanup
2026-01-02 16:59:57.419+0000 [id=132]	INFO	h.model.UpdateCenter$DownloadJob#run: Starting the installation of ant on behalf of admin
2026-01-02 16:59:57.420+0000 [id=132]	INFO	h.m.UpdateCenter$UpdateCenterConfiguration#download: Downloading ant
2026-01-02 16:59:59.054+0000 [id=132]	INFO	h.model.UpdateCenter$DownloadJob#run: Installation successful: ant
2026-01-02 16:59:59.055+0000 [id=132]	INFO	h.model.UpdateCenter$DownloadJob#run: Starting the installation of okhttp-api on behalf of admin
2026-01-02 16:59:59.056+0000 [id=132]	INFO	h.m.UpdateCenter$UpdateCenterConfiguration#download: Downloading okhttp-api
2026-01-02 17:00:01.213+0000 [id=132]	INFO	h.model.UpdateCenter$DownloadJob#run: Installation successful: okhttp-api
2026-01-02 17:00:01.214+0000 [id=132]	INFO	h.model.UpdateCenter$DownloadJob#run: Starting the installation of apache-httpcomponents-client-4-api on behalf of admin
2026-01-02 17:00:01.286+0000 [id=132]	INFO	h.model.UpdateCenter$DownloadJob#run: Installation successful: apache-httpcomponents-client-4-api
2026-01-02 17:00:01.286+0000 [id=132]	INFO	h.model.UpdateCenter$DownloadJob#run: Starting the installation of workflow-job on behalf of admin
2026-01-02 17:00:01.287+0000 [id=132]	INFO	h.m.UpdateCenter$UpdateCenterConfiguration#download: Downloading workflow-job
2026-01-02 17:00:04.267+0000 [id=132]	INFO	h.model.UpdateCenter$DownloadJob#run: Installation successful: workflow-job
2026-01-02 17:00:04.268+0000 [id=132]	INFO	h.model.UpdateCenter$DownloadJob#run: Starting the installation of gradle on behalf of admin
2026-01-02 17:00:04.269+0000 [id=132]	INFO	h.m.UpdateCenter$UpdateCenterConfiguration#download: Downloading gradle
2026-01-02 17:00:06.292+0000 [id=132]	INFO	h.model.UpdateCenter$DownloadJob#run: Installation successful: gradle
2026-01-02 17:00:06.293+0000 [id=132]	INFO	h.model.UpdateCenter$DownloadJob#run: Starting the installation of pipeline-milestone-step on behalf of admin
2026-01-02 17:00:06.293+0000 [id=132]	INFO	h.m.UpdateCenter$UpdateCenterConfiguration#download: Downloading pipeline-milestone-step
2026-01-02 17:00:07.931+0000 [id=132]	INFO	h.model.UpdateCenter$DownloadJob#run: Installation successful: pipeline-milestone-step
2026-01-02 17:00:07.932+0000 [id=132]	INFO	h.model.UpdateCenter$DownloadJob#run: Starting the installation of durable-task on behalf of admin
2026-01-02 17:00:07.933+0000 [id=132]	INFO	h.m.UpdateCenter$UpdateCenterConfiguration#download: Downloading durable-task
2026-01-02 17:00:11.303+0000 [id=132]	INFO	h.model.UpdateCenter$DownloadJob#run: Installation successful: durable-task
2026-01-02 17:00:11.303+0000 [id=132]	INFO	h.model.UpdateCenter$DownloadJob#run: Starting the installation of workflow-durable-task-step on behalf of admin
2026-01-02 17:00:11.304+0000 [id=132]	INFO	h.m.UpdateCenter$UpdateCenterConfiguration#download: Downloading workflow-durable-task-step
2026-01-02 17:00:13.319+0000 [id=132]	INFO	h.model.UpdateCenter$DownloadJob#run: Installation successful: workflow-durable-task-step
2026-01-02 17:00:13.319+0000 [id=132]	INFO	h.model.UpdateCenter$DownloadJob#run: Starting the installation of pipeline-build-step on behalf of admin
2026-01-02 17:00:13.320+0000 [id=132]	INFO	h.m.UpdateCenter$UpdateCenterConfiguration#download: Downloading pipeline-build-step
2026-01-02 17:00:15.045+0000 [id=132]	INFO	h.model.UpdateCenter$DownloadJob#run: Installation successful: pipeline-build-step
2026-01-02 17:00:15.046+0000 [id=132]	INFO	h.model.UpdateCenter$DownloadJob#run: Starting the installation of workflow-scm-step on behalf of admin
2026-01-02 17:00:15.048+0000 [id=132]	INFO	h.m.UpdateCenter$UpdateCenterConfiguration#download: Downloading workflow-scm-step
2026-01-02 17:00:16.917+0000 [id=132]	INFO	h.model.UpdateCenter$DownloadJob#run: Installation successful: workflow-scm-step
2026-01-02 17:00:16.918+0000 [id=132]	INFO	h.model.UpdateCenter$DownloadJob#run: Starting the installation of workflow-cps on behalf of admin
2026-01-02 17:00:16.919+0000 [id=132]	INFO	h.m.UpdateCenter$UpdateCenterConfiguration#download: Downloading workflow-cps
2026-01-02 17:00:18.624+0000 [id=132]	INFO	h.model.UpdateCenter$DownloadJob#run: Installation successful: workflow-cps
2026-01-02 17:00:18.625+0000 [id=132]	INFO	h.model.UpdateCenter$DownloadJob#run: Starting the installation of pipeline-groovy-lib on behalf of admin
2026-01-02 17:00:18.626+0000 [id=132]	INFO	h.m.UpdateCenter$UpdateCenterConfiguration#download: Downloading pipeline-groovy-lib
2026-01-02 17:00:21.632+0000 [id=132]	INFO	h.model.UpdateCenter$DownloadJob#run: Installation successful: pipeline-groovy-lib
2026-01-02 17:00:21.632+0000 [id=132]	INFO	h.model.UpdateCenter$DownloadJob#run: Starting the installation of joda-time-api on behalf of admin
2026-01-02 17:00:21.633+0000 [id=132]	INFO	h.m.UpdateCenter$UpdateCenterConfiguration#download: Downloading joda-time-api
2026-01-02 17:00:20.865+0000 [id=132]	INFO	h.model.UpdateCenter$DownloadJob#run: Installation successful: joda-time-api
2026-01-02 17:00:20.866+0000 [id=132]	INFO	h.model.UpdateCenter$DownloadJob#run: Starting the installation of pipeline-model-api on behalf of admin
2026-01-02 17:00:20.867+0000 [id=132]	INFO	h.m.UpdateCenter$UpdateCenterConfiguration#download: Downloading pipeline-model-api
2026-01-02 17:00:22.882+0000 [id=132]	INFO	h.model.UpdateCenter$DownloadJob#run: Installation successful: pipeline-model-api
2026-01-02 17:00:22.882+0000 [id=132]	INFO	h.model.UpdateCenter$DownloadJob#run: Starting the installation of pipeline-stage-step on behalf of admin
2026-01-02 17:00:22.883+0000 [id=132]	INFO	h.m.UpdateCenter$UpdateCenterConfiguration#download: Downloading pipeline-stage-step
2026-01-02 17:00:24.517+0000 [id=132]	INFO	h.model.UpdateCenter$DownloadJob#run: Installation successful: pipeline-stage-step
2026-01-02 17:00:24.518+0000 [id=132]	INFO	h.model.UpdateCenter$DownloadJob#run: Starting the installation of pipeline-model-extensions on behalf of admin
2026-01-02 17:00:24.519+0000 [id=132]	INFO	h.m.UpdateCenter$UpdateCenterConfiguration#download: Downloading pipeline-model-extensions
2026-01-02 17:00:26.331+0000 [id=132]	INFO	h.model.UpdateCenter$DownloadJob#run: Installation successful: pipeline-model-extensions
2026-01-02 17:00:26.332+0000 [id=132]	INFO	h.model.UpdateCenter$DownloadJob#run: Starting the installation of jakarta-mail-api on behalf of admin
2026-01-02 17:00:26.426+0000 [id=132]	INFO	h.m.UpdateCenter$UpdateCenterConfiguration#download: Downloading jakarta-mail-api
2026-01-02 17:00:28.184+0000 [id=132]	INFO	h.model.UpdateCenter$DownloadJob#run: Installation successful: jakarta-mail-api
2026-01-02 17:00:28.184+0000 [id=132]	INFO	h.model.UpdateCenter$DownloadJob#run: Starting the installation of instance-identity on behalf of admin
2026-01-02 17:00:28.259+0000 [id=132]	INFO	h.model.UpdateCenter$DownloadJob#run: Installation successful: instance-identity
2026-01-02 17:00:28.259+0000 [id=132]	INFO	h.model.UpdateCenter$DownloadJob#run: Starting the installation of mailer on behalf of admin
2026-01-02 17:00:28.264+0000 [id=132]	INFO	h.m.UpdateCenter$UpdateCenterConfiguration#download: Downloading mailer
2026-01-02 17:00:29.792+0000 [id=132]	INFO	h.model.UpdateCenter$DownloadJob#run: Installation successful: mailer
2026-01-02 17:00:29.793+0000 [id=132]	INFO	h.model.UpdateCenter$DownloadJob#run: Starting the installation of branch-api on behalf of admin
2026-01-02 17:00:29.794+0000 [id=132]	INFO	h.m.UpdateCenter$UpdateCenterConfiguration#download: Downloading branch-api
2026-01-02 17:00:31.464+0000 [id=132]	INFO	h.model.UpdateCenter$DownloadJob#run: Installation successful: branch-api
2026-01-02 17:00:31.464+0000 [id=132]	INFO	h.model.UpdateCenter$DownloadJob#run: Starting the installation of workflow-multibranch on behalf of admin
2026-01-02 17:00:31.465+0000 [id=132]	INFO	h.m.UpdateCenter$UpdateCenterConfiguration#download: Downloading workflow-multibranch
2026-01-02 17:00:32.980+0000 [id=132]	INFO	h.model.UpdateCenter$DownloadJob#run: Installation successful: workflow-multibranch
2026-01-02 17:00:32.980+0000 [id=132]	INFO	h.model.UpdateCenter$DownloadJob#run: Starting the installation of pipeline-stage-tags-metadata on behalf of admin
2026-01-02 17:00:32.982+0000 [id=132]	INFO	h.m.UpdateCenter$UpdateCenterConfiguration#download: Downloading pipeline-stage-tags-metadata
2026-01-02 17:00:34.637+0000 [id=132]	INFO	h.model.UpdateCenter$DownloadJob#run: Installation successful: pipeline-stage-tags-metadata
2026-01-02 17:00:34.638+0000 [id=132]	INFO	h.model.UpdateCenter$DownloadJob#run: Starting the installation of pipeline-input-step on behalf of admin
2026-01-02 17:00:34.639+0000 [id=132]	INFO	h.m.UpdateCenter$UpdateCenterConfiguration#download: Downloading pipeline-input-step
2026-01-02 17:00:36.291+0000 [id=132]	INFO	h.model.UpdateCenter$DownloadJob#run: Installation successful: pipeline-input-step
2026-01-02 17:00:36.292+0000 [id=132]	INFO	h.model.UpdateCenter$DownloadJob#run: Starting the installation of workflow-basic-steps on behalf of admin
2026-01-02 17:00:36.293+0000 [id=132]	INFO	h.m.UpdateCenter$UpdateCenterConfiguration#download: Downloading workflow-basic-steps
2026-01-02 17:00:38.092+0000 [id=132]	INFO	h.model.UpdateCenter$DownloadJob#run: Installation successful: workflow-basic-steps
2026-01-02 17:00:38.093+0000 [id=132]	INFO	h.model.UpdateCenter$DownloadJob#run: Starting the installation of pipeline-model-definition on behalf of admin
2026-01-02 17:00:38.094+0000 [id=132]	INFO	h.m.UpdateCenter$UpdateCenterConfiguration#download: Downloading pipeline-model-definition
2026-01-02 17:00:39.940+0000 [id=132]	INFO	h.model.UpdateCenter$DownloadJob#run: Installation successful: pipeline-model-definition
2026-01-02 17:00:39.941+0000 [id=132]	INFO	h.model.UpdateCenter$DownloadJob#run: Starting the installation of workflow-aggregator on behalf of admin
2026-01-02 17:00:39.942+0000 [id=132]	INFO	h.m.UpdateCenter$UpdateCenterConfiguration#download: Downloading workflow-aggregator
2026-01-02 17:00:41.612+0000 [id=132]	INFO	h.model.UpdateCenter$DownloadJob#run: Installation successful: workflow-aggregator
2026-01-02 17:00:41.613+0000 [id=132]	INFO	h.model.UpdateCenter$DownloadJob#run: Starting the installation of jjwt-api on behalf of admin
2026-01-02 17:00:41.613+0000 [id=132]	INFO	h.m.UpdateCenter$UpdateCenterConfiguration#download: Downloading jjwt-api
2026-01-02 17:00:43.310+0000 [id=132]	INFO	h.model.UpdateCenter$DownloadJob#run: Installation successful: jjwt-api
2026-01-02 17:00:43.310+0000 [id=132]	INFO	h.model.UpdateCenter$DownloadJob#run: Starting the installation of github-api on behalf of admin
2026-01-02 17:00:43.311+0000 [id=132]	INFO	h.m.UpdateCenter$UpdateCenterConfiguration#download: Downloading github-api
2026-01-02 17:00:45.066+0000 [id=132]	INFO	h.model.UpdateCenter$DownloadJob#run: Installation successful: github-api
2026-01-02 17:00:45.067+0000 [id=132]	INFO	h.model.UpdateCenter$DownloadJob#run: Starting the installation of mina-sshd-api-common on behalf of admin
2026-01-02 17:00:45.164+0000 [id=132]	INFO	h.model.UpdateCenter$DownloadJob#run: Installation successful: mina-sshd-api-common
2026-01-02 17:00:45.165+0000 [id=132]	INFO	h.model.UpdateCenter$DownloadJob#run: Starting the installation of mina-sshd-api-core on behalf of admin
2026-01-02 17:00:45.286+0000 [id=132]	INFO	h.model.UpdateCenter$DownloadJob#run: Installation successful: mina-sshd-api-core
2026-01-02 17:00:45.286+0000 [id=132]	INFO	h.model.UpdateCenter$DownloadJob#run: Starting the installation of gson-api on behalf of admin
2026-01-02 17:00:45.291+0000 [id=132]	INFO	h.m.UpdateCenter$UpdateCenterConfiguration#download: Downloading gson-api
2026-01-02 17:00:47.001+0000 [id=132]	INFO	h.model.UpdateCenter$DownloadJob#run: Installation successful: gson-api
2026-01-02 17:00:47.001+0000 [id=132]	INFO	h.model.UpdateCenter$DownloadJob#run: Starting the installation of git-client on behalf of admin
2026-01-02 17:00:47.002+0000 [id=132]	INFO	h.m.UpdateCenter$UpdateCenterConfiguration#download: Downloading git-client
2026-01-02 17:00:49.344+0000 [id=132]	INFO	h.model.UpdateCenter$DownloadJob#run: Installation successful: git-client
2026-01-02 17:00:49.344+0000 [id=132]	INFO	h.model.UpdateCenter$DownloadJob#run: Starting the installation of git on behalf of admin
2026-01-02 17:00:49.344+0000 [id=132]	INFO	h.m.UpdateCenter$UpdateCenterConfiguration#download: Downloading git
2026-01-02 17:00:51.158+0000 [id=132]	INFO	h.model.UpdateCenter$DownloadJob#run: Installation successful: git
2026-01-02 17:00:51.159+0000 [id=132]	INFO	h.model.UpdateCenter$DownloadJob#run: Starting the installation of github on behalf of admin
2026-01-02 17:00:51.160+0000 [id=132]	INFO	h.m.UpdateCenter$UpdateCenterConfiguration#download: Downloading github
2026-01-02 17:00:50.510+0000 [id=132]	INFO	h.model.UpdateCenter$DownloadJob#run: Installation successful: github
2026-01-02 17:00:50.510+0000 [id=132]	INFO	h.model.UpdateCenter$DownloadJob#run: Starting the installation of github-branch-source on behalf of admin
2026-01-02 17:00:50.511+0000 [id=132]	INFO	h.m.UpdateCenter$UpdateCenterConfiguration#download: Downloading github-branch-source
2026-01-02 17:00:52.114+0000 [id=132]	INFO	h.model.UpdateCenter$DownloadJob#run: Installation successful: github-branch-source
2026-01-02 17:00:52.115+0000 [id=132]	INFO	h.model.UpdateCenter$DownloadJob#run: Starting the installation of pipeline-github-lib on behalf of admin
2026-01-02 17:00:52.116+0000 [id=132]	INFO	h.m.UpdateCenter$UpdateCenterConfiguration#download: Downloading pipeline-github-lib
2026-01-02 17:00:53.713+0000 [id=132]	INFO	h.model.UpdateCenter$DownloadJob#run: Installation successful: pipeline-github-lib
2026-01-02 17:00:53.713+0000 [id=132]	INFO	h.model.UpdateCenter$DownloadJob#run: Starting the installation of metrics on behalf of admin
2026-01-02 17:00:53.714+0000 [id=132]	INFO	h.m.UpdateCenter$UpdateCenterConfiguration#download: Downloading metrics
2026-01-02 17:00:57.146+0000 [id=132]	INFO	h.model.UpdateCenter$DownloadJob#run: Installation successful: metrics
2026-01-02 17:00:57.147+0000 [id=132]	INFO	h.model.UpdateCenter$DownloadJob#run: Starting the installation of pipeline-graph-view on behalf of admin
2026-01-02 17:00:57.147+0000 [id=132]	INFO	h.m.UpdateCenter$UpdateCenterConfiguration#download: Downloading pipeline-graph-view
2026-01-02 17:00:59.539+0000 [id=132]	INFO	h.model.UpdateCenter$DownloadJob#run: Installation successful: pipeline-graph-view
2026-01-02 17:00:59.539+0000 [id=132]	INFO	h.model.UpdateCenter$DownloadJob#run: Starting the installation of git on behalf of admin
2026-01-02 17:00:59.539+0000 [id=132]	INFO	h.m.UpdateCenter$InstallationJob#_run: Skipping duplicate install of: Git@5.8.1
2026-01-02 17:00:59.540+0000 [id=132]	INFO	h.model.UpdateCenter$DownloadJob#run: Installation successful: git
2026-01-02 17:00:59.540+0000 [id=132]	INFO	h.model.UpdateCenter$DownloadJob#run: Starting the installation of eddsa-api on behalf of admin
2026-01-02 17:00:59.551+0000 [id=132]	INFO	h.model.UpdateCenter$DownloadJob#run: Installation successful: eddsa-api
2026-01-02 17:00:59.551+0000 [id=132]	INFO	h.model.UpdateCenter$DownloadJob#run: Starting the installation of trilead-api on behalf of admin
2026-01-02 17:00:59.579+0000 [id=132]	INFO	h.m.UpdateCenter$UpdateCenterConfiguration#download: Downloading trilead-api
2026-01-02 17:01:02.832+0000 [id=132]	INFO	h.model.UpdateCenter$DownloadJob#run: Installation successful: trilead-api
2026-01-02 17:01:02.833+0000 [id=132]	INFO	h.model.UpdateCenter$DownloadJob#run: Starting the installation of ssh-slaves on behalf of admin
2026-01-02 17:01:02.834+0000 [id=132]	INFO	h.m.UpdateCenter$UpdateCenterConfiguration#download: Downloading ssh-slaves
2026-01-02 17:01:05.179+0000 [id=132]	INFO	h.model.UpdateCenter$DownloadJob#run: Installation successful: ssh-slaves
2026-01-02 17:01:05.180+0000 [id=132]	INFO	h.model.UpdateCenter$DownloadJob#run: Starting the installation of matrix-auth on behalf of admin
2026-01-02 17:01:05.183+0000 [id=132]	INFO	h.m.UpdateCenter$UpdateCenterConfiguration#download: Downloading matrix-auth
2026-01-02 17:01:06.962+0000 [id=132]	INFO	h.model.UpdateCenter$DownloadJob#run: Installation successful: matrix-auth
2026-01-02 17:01:06.963+0000 [id=132]	INFO	h.model.UpdateCenter$DownloadJob#run: Starting the installation of ldap on behalf of admin
2026-01-02 17:01:06.964+0000 [id=132]	INFO	h.m.UpdateCenter$UpdateCenterConfiguration#download: Downloading ldap
2026-01-02 17:01:10.047+0000 [id=132]	INFO	h.model.UpdateCenter$DownloadJob#run: Installation successful: ldap
2026-01-02 17:01:10.048+0000 [id=132]	INFO	h.model.UpdateCenter$DownloadJob#run: Starting the installation of jsoup on behalf of admin
2026-01-02 17:01:10.048+0000 [id=132]	INFO	h.m.UpdateCenter$UpdateCenterConfiguration#download: Downloading jsoup
2026-01-02 17:01:11.864+0000 [id=132]	INFO	h.model.UpdateCenter$DownloadJob#run: Installation successful: jsoup
2026-01-02 17:01:11.866+0000 [id=132]	INFO	h.model.UpdateCenter$DownloadJob#run: Starting the installation of email-ext on behalf of admin
2026-01-02 17:01:11.867+0000 [id=132]	INFO	h.m.UpdateCenter$UpdateCenterConfiguration#download: Downloading email-ext
2026-01-02 17:01:15.097+0000 [id=132]	INFO	h.model.UpdateCenter$DownloadJob#run: Installation successful: email-ext
2026-01-02 17:01:15.098+0000 [id=132]	INFO	h.model.UpdateCenter$DownloadJob#run: Starting the installation of mailer on behalf of admin
2026-01-02 17:01:15.098+0000 [id=132]	INFO	h.m.UpdateCenter$InstallationJob#_run: Skipping duplicate install of: Mailer@525.v2458b_d8a_1a_71
2026-01-02 17:01:15.099+0000 [id=132]	INFO	h.model.UpdateCenter$DownloadJob#run: Installation successful: mailer
2026-01-02 17:01:15.099+0000 [id=132]	INFO	h.model.UpdateCenter$DownloadJob#run: Starting the installation of theme-manager on behalf of admin
2026-01-02 17:01:15.100+0000 [id=132]	INFO	h.m.UpdateCenter$UpdateCenterConfiguration#download: Downloading theme-manager
2026-01-02 17:01:16.910+0000 [id=132]	INFO	h.model.UpdateCenter$DownloadJob#run: Installation successful: theme-manager
2026-01-02 17:01:16.911+0000 [id=132]	INFO	h.model.UpdateCenter$DownloadJob#run: Starting the installation of dark-theme on behalf of admin
2026-01-02 17:01:16.912+0000 [id=132]	INFO	h.m.UpdateCenter$UpdateCenterConfiguration#download: Downloading dark-theme
2026-01-02 17:01:18.901+0000 [id=132]	INFO	h.model.UpdateCenter$DownloadJob#run: Installation successful: dark-theme
2026-01-02 17:01:18.901+0000 [id=132]	INFO	h.m.UpdateCenter$CompleteBatchJob#run: Completing installing of plugin batch…
2026-01-02 17:01:21.574+0000 [id=132]	INFO	h.p.b.g.GlobalTimeOutConfiguration#load: global timeout not set
2026-01-02 17:01:23.618+0000 [id=132]	INFO	h.m.DownloadService$Downloadable#load: Obtained the updated data file for hudson.tasks.Ant.AntInstaller
2026-01-02 17:01:25.456+0000 [id=132]	INFO	h.m.DownloadService$Downloadable#load: Obtained the updated data file for hudson.plugins.gradle.GradleInstaller
2026-01-02 17:01:26.637+0000 [id=299]	INFO	jenkins.InitReactorRunner$1#onAttained: Started initialization
2026-01-02 17:01:26.644+0000 [id=312]	INFO	jenkins.InitReactorRunner$1#onAttained: Listed all plugins
2026-01-02 17:01:26.647+0000 [id=317]	INFO	jenkins.InitReactorRunner$1#onAttained: Prepared all plugins
2026-01-02 17:01:26.677+0000 [id=299]	INFO	jenkins.InitReactorRunner$1#onAttained: Started all plugins
2026-01-02 17:01:26.680+0000 [id=299]	INFO	jenkins.InitReactorRunner$1#onAttained: Augmented all extensions
2026-01-02 17:01:26.682+0000 [id=318]	INFO	jenkins.InitReactorRunner$1#onAttained: System config loaded
2026-01-02 17:01:26.683+0000 [id=318]	INFO	jenkins.InitReactorRunner$1#onAttained: System config adapted
2026-01-02 17:01:26.815+0000 [id=301]	INFO	jenkins.InitReactorRunner$1#onAttained: Loaded all jobs
2026-01-02 17:01:26.816+0000 [id=301]	INFO	jenkins.InitReactorRunner$1#onAttained: Configuration for all jobs updated
2026-01-02 17:01:27.288+0000 [id=307]	INFO	jenkins.InitReactorRunner$1#onAttained: Completed initialization
2026-01-02 17:01:27.290+0000 [id=132]	INFO	h.m.UpdateCenter$CompleteBatchJob#run: Completed installation of 89 plugins in 2 min 52 sec
2026-01-02 17:03:48.641+0000 [id=30]	INFO	hudson.PluginManager#install: Starting installation of a batch of 1 plugins plus their dependencies
2026-01-02 17:03:48.641+0000 [id=30]	INFO	hudson.model.UpdateSite$Plugin#deploy: Adding dependent install of blueocean-core-js for plugin blueocean
2026-01-02 17:03:48.642+0000 [id=30]	INFO	hudson.model.UpdateSite$Plugin#deploy: Adding dependent install of jenkins-design-language for plugin blueocean-core-js
2026-01-02 17:03:48.642+0000 [id=30]	INFO	hudson.model.UpdateSite$Plugin#deploy: Adding dependent install of blueocean-github-pipeline for plugin blueocean
2026-01-02 17:03:48.642+0000 [id=331]	INFO	h.model.UpdateCenter$DownloadJob#run: Starting the installation of jenkins-design-language on behalf of admin
2026-01-02 17:03:48.643+0000 [id=30]	INFO	hudson.model.UpdateSite$Plugin#deploy: Adding dependent install of blueocean-pipeline-api-impl for plugin blueocean-github-pipeline
2026-01-02 17:03:48.643+0000 [id=331]	INFO	h.m.UpdateCenter$UpdateCenterConfiguration#download: Downloading jenkins-design-language
2026-01-02 17:03:48.643+0000 [id=30]	INFO	hudson.model.UpdateSite$Plugin#deploy: Adding dependent install of pipeline-graph-analysis for plugin blueocean-pipeline-api-impl
2026-01-02 17:03:48.644+0000 [id=30]	INFO	hudson.model.UpdateSite$Plugin#deploy: Adding dependent install of blueocean-pipeline-scm-api for plugin blueocean-pipeline-api-impl
2026-01-02 17:03:48.644+0000 [id=30]	INFO	hudson.model.UpdateSite$Plugin#deploy: Adding dependent install of blueocean-rest for plugin blueocean-pipeline-scm-api
2026-01-02 17:03:48.644+0000 [id=30]	INFO	hudson.model.UpdateSite$Plugin#deploy: Adding dependent install of blueocean-commons for plugin blueocean-rest
2026-01-02 17:03:48.644+0000 [id=30]	INFO	hudson.model.UpdateSite$Plugin#deploy: Adding dependent install of pubsub-light for plugin blueocean-pipeline-scm-api
2026-01-02 17:03:48.645+0000 [id=30]	INFO	hudson.model.UpdateSite$Plugin#deploy: Adding dependent install of htmlpublisher for plugin blueocean-pipeline-api-impl
2026-01-02 17:03:48.645+0000 [id=30]	INFO	hudson.model.UpdateSite$Plugin#deploy: Adding dependent install of blueocean-rest-impl for plugin blueocean-pipeline-api-impl
2026-01-02 17:03:48.645+0000 [id=30]	INFO	hudson.model.UpdateSite$Plugin#deploy: Adding dependent install of blueocean-web for plugin blueocean-rest-impl
2026-01-02 17:03:48.646+0000 [id=30]	INFO	hudson.model.UpdateSite$Plugin#deploy: Adding dependent install of blueocean-jwt for plugin blueocean-rest-impl
2026-01-02 17:03:48.646+0000 [id=30]	INFO	hudson.model.UpdateSite$Plugin#deploy: Adding dependent install of favorite for plugin blueocean-rest-impl
2026-01-02 17:03:48.646+0000 [id=30]	INFO	hudson.model.UpdateSite$Plugin#deploy: Adding dependent install of blueocean-git-pipeline for plugin blueocean
2026-01-02 17:03:48.647+0000 [id=30]	INFO	hudson.model.UpdateSite$Plugin#deploy: Adding dependent install of blueocean-config for plugin blueocean
2026-01-02 17:03:48.647+0000 [id=30]	INFO	hudson.model.UpdateSite$Plugin#deploy: Adding dependent install of blueocean-bitbucket-pipeline for plugin blueocean
2026-01-02 17:03:48.647+0000 [id=30]	INFO	hudson.model.UpdateSite$Plugin#deploy: Adding dependent install of cloudbees-bitbucket-branch-source for plugin blueocean-bitbucket-pipeline
2026-01-02 17:03:48.648+0000 [id=30]	INFO	hudson.model.UpdateSite$Plugin#deploy: Adding dependent install of authentication-tokens for plugin cloudbees-bitbucket-branch-source
2026-01-02 17:03:48.648+0000 [id=30]	INFO	hudson.model.UpdateSite$Plugin#deploy: Adding dependent install of commons-collections4-api for plugin cloudbees-bitbucket-branch-source
2026-01-02 17:03:48.648+0000 [id=30]	INFO	hudson.model.UpdateSite$Plugin#deploy: Adding dependent install of apache-httpcomponents-client-5-api for plugin cloudbees-bitbucket-branch-source
2026-01-02 17:03:48.648+0000 [id=30]	INFO	hudson.model.UpdateSite$Plugin#deploy: Adding dependent install of handy-uri-templates-2-api for plugin cloudbees-bitbucket-branch-source
2026-01-02 17:03:48.649+0000 [id=30]	INFO	hudson.model.UpdateSite$Plugin#deploy: Adding dependent install of blueocean-personalization for plugin blueocean
2026-01-02 17:03:48.649+0000 [id=30]	INFO	hudson.model.UpdateSite$Plugin#deploy: Adding dependent install of blueocean-dashboard for plugin blueocean-personalization
2026-01-02 17:03:48.650+0000 [id=30]	INFO	hudson.model.UpdateSite$Plugin#deploy: Adding dependent install of blueocean-display-url for plugin blueocean
2026-01-02 17:03:48.650+0000 [id=30]	INFO	hudson.model.UpdateSite$Plugin#deploy: Adding dependent install of blueocean-events for plugin blueocean
2026-01-02 17:03:48.651+0000 [id=30]	INFO	hudson.model.UpdateSite$Plugin#deploy: Adding dependent install of sse-gateway for plugin blueocean-events
2026-01-02 17:03:48.651+0000 [id=30]	INFO	hudson.model.UpdateSite$Plugin#deploy: Adding dependent install of blueocean-pipeline-editor for plugin blueocean
2026-01-02 17:03:48.651+0000 [id=30]	INFO	hudson.model.UpdateSite$Plugin#deploy: Adding dependent install of blueocean-i18n for plugin blueocean
2026-01-02 17:03:49.849+0000 [id=331]	INFO	h.model.UpdateCenter$DownloadJob#run: Installation successful: jenkins-design-language
2026-01-02 17:03:49.849+0000 [id=331]	INFO	h.model.UpdateCenter$DownloadJob#run: Starting the installation of blueocean-core-js on behalf of admin
2026-01-02 17:03:49.850+0000 [id=331]	INFO	h.m.UpdateCenter$UpdateCenterConfiguration#download: Downloading blueocean-core-js
2026-01-02 17:03:51.592+0000 [id=331]	INFO	h.model.UpdateCenter$DownloadJob#run: Installation successful: blueocean-core-js
2026-01-02 17:03:51.592+0000 [id=331]	INFO	h.model.UpdateCenter$DownloadJob#run: Starting the installation of pipeline-graph-analysis on behalf of admin
2026-01-02 17:03:51.593+0000 [id=331]	INFO	h.m.UpdateCenter$UpdateCenterConfiguration#download: Downloading pipeline-graph-analysis
2026-01-02 17:03:53.045+0000 [id=331]	INFO	h.model.UpdateCenter$DownloadJob#run: Installation successful: pipeline-graph-analysis
2026-01-02 17:03:53.046+0000 [id=331]	INFO	h.model.UpdateCenter$DownloadJob#run: Starting the installation of blueocean-commons on behalf of admin
2026-01-02 17:03:53.046+0000 [id=331]	INFO	h.m.UpdateCenter$UpdateCenterConfiguration#download: Downloading blueocean-commons
2026-01-02 17:03:55.860+0000 [id=331]	INFO	h.model.UpdateCenter$DownloadJob#run: Installation successful: blueocean-commons
2026-01-02 17:03:55.860+0000 [id=331]	INFO	h.model.UpdateCenter$DownloadJob#run: Starting the installation of blueocean-rest on behalf of admin
2026-01-02 17:03:55.861+0000 [id=331]	INFO	h.m.UpdateCenter$UpdateCenterConfiguration#download: Downloading blueocean-rest
2026-01-02 17:03:57.272+0000 [id=331]	INFO	h.model.UpdateCenter$DownloadJob#run: Installation successful: blueocean-rest
2026-01-02 17:03:57.272+0000 [id=331]	INFO	h.model.UpdateCenter$DownloadJob#run: Starting the installation of pubsub-light on behalf of admin
2026-01-02 17:03:57.272+0000 [id=331]	INFO	h.m.UpdateCenter$UpdateCenterConfiguration#download: Downloading pubsub-light
2026-01-02 17:03:58.724+0000 [id=331]	INFO	h.model.UpdateCenter$DownloadJob#run: Installation successful: pubsub-light
2026-01-02 17:03:58.724+0000 [id=331]	INFO	h.model.UpdateCenter$DownloadJob#run: Starting the installation of blueocean-pipeline-scm-api on behalf of admin
2026-01-02 17:03:58.725+0000 [id=331]	INFO	h.m.UpdateCenter$UpdateCenterConfiguration#download: Downloading blueocean-pipeline-scm-api
2026-01-02 17:04:00.138+0000 [id=331]	INFO	h.model.UpdateCenter$DownloadJob#run: Installation successful: blueocean-pipeline-scm-api
2026-01-02 17:04:00.138+0000 [id=331]	INFO	h.model.UpdateCenter$DownloadJob#run: Starting the installation of htmlpublisher on behalf of admin
2026-01-02 17:04:00.138+0000 [id=331]	INFO	h.m.UpdateCenter$UpdateCenterConfiguration#download: Downloading htmlpublisher
2026-01-02 17:04:01.632+0000 [id=331]	INFO	h.model.UpdateCenter$DownloadJob#run: Installation successful: htmlpublisher
2026-01-02 17:04:01.632+0000 [id=331]	INFO	h.model.UpdateCenter$DownloadJob#run: Starting the installation of blueocean-web on behalf of admin
2026-01-02 17:04:01.632+0000 [id=331]	INFO	h.m.UpdateCenter$UpdateCenterConfiguration#download: Downloading blueocean-web
2026-01-02 17:04:03.366+0000 [id=331]	INFO	h.model.UpdateCenter$DownloadJob#run: Installation successful: blueocean-web
2026-01-02 17:04:03.366+0000 [id=331]	INFO	h.model.UpdateCenter$DownloadJob#run: Starting the installation of blueocean-jwt on behalf of admin
2026-01-02 17:04:03.366+0000 [id=331]	INFO	h.m.UpdateCenter$UpdateCenterConfiguration#download: Downloading blueocean-jwt
2026-01-02 17:04:04.878+0000 [id=331]	INFO	h.model.UpdateCenter$DownloadJob#run: Installation successful: blueocean-jwt
2026-01-02 17:04:04.878+0000 [id=331]	INFO	h.model.UpdateCenter$DownloadJob#run: Starting the installation of favorite on behalf of admin
2026-01-02 17:04:04.878+0000 [id=331]	INFO	h.m.UpdateCenter$UpdateCenterConfiguration#download: Downloading favorite
2026-01-02 17:04:06.276+0000 [id=331]	INFO	h.model.UpdateCenter$DownloadJob#run: Installation successful: favorite
2026-01-02 17:04:06.277+0000 [id=331]	INFO	h.model.UpdateCenter$DownloadJob#run: Starting the installation of blueocean-rest-impl on behalf of admin
2026-01-02 17:04:06.277+0000 [id=331]	INFO	h.m.UpdateCenter$UpdateCenterConfiguration#download: Downloading blueocean-rest-impl
2026-01-02 17:04:07.746+0000 [id=331]	INFO	h.model.UpdateCenter$DownloadJob#run: Installation successful: blueocean-rest-impl
2026-01-02 17:04:07.746+0000 [id=331]	INFO	h.model.UpdateCenter$DownloadJob#run: Starting the installation of blueocean-pipeline-api-impl on behalf of admin
2026-01-02 17:04:07.747+0000 [id=331]	INFO	h.m.UpdateCenter$UpdateCenterConfiguration#download: Downloading blueocean-pipeline-api-impl
2026-01-02 17:04:09.197+0000 [id=331]	INFO	h.model.UpdateCenter$DownloadJob#run: Installation successful: blueocean-pipeline-api-impl
2026-01-02 17:04:09.197+0000 [id=331]	INFO	h.model.UpdateCenter$DownloadJob#run: Starting the installation of blueocean-github-pipeline on behalf of admin
2026-01-02 17:04:09.197+0000 [id=331]	INFO	h.m.UpdateCenter$UpdateCenterConfiguration#download: Downloading blueocean-github-pipeline
2026-01-02 17:04:10.623+0000 [id=331]	INFO	h.model.UpdateCenter$DownloadJob#run: Installation successful: blueocean-github-pipeline
2026-01-02 17:04:10.623+0000 [id=331]	INFO	h.model.UpdateCenter$DownloadJob#run: Starting the installation of blueocean-git-pipeline on behalf of admin
2026-01-02 17:04:10.624+0000 [id=331]	INFO	h.m.UpdateCenter$UpdateCenterConfiguration#download: Downloading blueocean-git-pipeline
2026-01-02 17:04:12.115+0000 [id=331]	INFO	h.model.UpdateCenter$DownloadJob#run: Installation successful: blueocean-git-pipeline
2026-01-02 17:04:12.115+0000 [id=331]	INFO	h.model.UpdateCenter$DownloadJob#run: Starting the installation of blueocean-config on behalf of admin
2026-01-02 17:04:12.115+0000 [id=331]	INFO	h.m.UpdateCenter$UpdateCenterConfiguration#download: Downloading blueocean-config
2026-01-02 17:04:13.532+0000 [id=331]	INFO	h.model.UpdateCenter$DownloadJob#run: Installation successful: blueocean-config
2026-01-02 17:04:13.532+0000 [id=331]	INFO	h.model.UpdateCenter$DownloadJob#run: Starting the installation of authentication-tokens on behalf of admin
2026-01-02 17:04:13.532+0000 [id=331]	INFO	h.m.UpdateCenter$UpdateCenterConfiguration#download: Downloading authentication-tokens
2026-01-02 17:04:15.062+0000 [id=331]	INFO	h.model.UpdateCenter$DownloadJob#run: Installation successful: authentication-tokens
2026-01-02 17:04:15.062+0000 [id=331]	INFO	h.model.UpdateCenter$DownloadJob#run: Starting the installation of commons-collections4-api on behalf of admin
2026-01-02 17:04:15.063+0000 [id=331]	INFO	h.m.UpdateCenter$UpdateCenterConfiguration#download: Downloading commons-collections4-api
2026-01-02 17:04:16.784+0000 [id=331]	INFO	h.model.UpdateCenter$DownloadJob#run: Installation successful: commons-collections4-api
2026-01-02 17:04:16.785+0000 [id=331]	INFO	h.model.UpdateCenter$DownloadJob#run: Starting the installation of apache-httpcomponents-client-5-api on behalf of admin
2026-01-02 17:04:16.785+0000 [id=331]	INFO	h.m.UpdateCenter$UpdateCenterConfiguration#download: Downloading apache-httpcomponents-client-5-api
2026-01-02 17:04:18.676+0000 [id=331]	INFO	h.model.UpdateCenter$DownloadJob#run: Installation successful: apache-httpcomponents-client-5-api
2026-01-02 17:04:18.676+0000 [id=331]	INFO	h.model.UpdateCenter$DownloadJob#run: Starting the installation of handy-uri-templates-2-api on behalf of admin
2026-01-02 17:04:18.677+0000 [id=331]	INFO	h.m.UpdateCenter$UpdateCenterConfiguration#download: Downloading handy-uri-templates-2-api
2026-01-02 17:04:20.132+0000 [id=331]	INFO	h.model.UpdateCenter$DownloadJob#run: Installation successful: handy-uri-templates-2-api
2026-01-02 17:04:20.132+0000 [id=331]	INFO	h.model.UpdateCenter$DownloadJob#run: Starting the installation of cloudbees-bitbucket-branch-source on behalf of admin
2026-01-02 17:04:20.132+0000 [id=331]	INFO	h.m.UpdateCenter$UpdateCenterConfiguration#download: Downloading cloudbees-bitbucket-branch-source
2026-01-02 17:04:19.224+0000 [id=331]	INFO	h.model.UpdateCenter$DownloadJob#run: Installation successful: cloudbees-bitbucket-branch-source
2026-01-02 17:04:19.224+0000 [id=331]	INFO	h.model.UpdateCenter$DownloadJob#run: Starting the installation of blueocean-bitbucket-pipeline on behalf of admin
2026-01-02 17:04:19.225+0000 [id=331]	INFO	h.m.UpdateCenter$UpdateCenterConfiguration#download: Downloading blueocean-bitbucket-pipeline
2026-01-02 17:04:20.704+0000 [id=331]	INFO	h.model.UpdateCenter$DownloadJob#run: Installation successful: blueocean-bitbucket-pipeline
2026-01-02 17:04:20.704+0000 [id=331]	INFO	h.model.UpdateCenter$DownloadJob#run: Starting the installation of blueocean-dashboard on behalf of admin
2026-01-02 17:04:20.705+0000 [id=331]	INFO	h.m.UpdateCenter$UpdateCenterConfiguration#download: Downloading blueocean-dashboard
2026-01-02 17:04:22.644+0000 [id=331]	INFO	h.model.UpdateCenter$DownloadJob#run: Installation successful: blueocean-dashboard
2026-01-02 17:04:22.644+0000 [id=331]	INFO	h.model.UpdateCenter$DownloadJob#run: Starting the installation of blueocean-personalization on behalf of admin
2026-01-02 17:04:22.644+0000 [id=331]	INFO	h.m.UpdateCenter$UpdateCenterConfiguration#download: Downloading blueocean-personalization
2026-01-02 17:04:24.197+0000 [id=331]	INFO	h.model.UpdateCenter$DownloadJob#run: Installation successful: blueocean-personalization
2026-01-02 17:04:24.197+0000 [id=331]	INFO	h.model.UpdateCenter$DownloadJob#run: Starting the installation of blueocean-display-url on behalf of admin
2026-01-02 17:04:24.197+0000 [id=331]	INFO	h.m.UpdateCenter$UpdateCenterConfiguration#download: Downloading blueocean-display-url
2026-01-02 17:04:25.653+0000 [id=331]	INFO	h.model.UpdateCenter$DownloadJob#run: Installation successful: blueocean-display-url
2026-01-02 17:04:25.653+0000 [id=331]	INFO	h.model.UpdateCenter$DownloadJob#run: Starting the installation of sse-gateway on behalf of admin
2026-01-02 17:04:25.654+0000 [id=331]	INFO	h.m.UpdateCenter$UpdateCenterConfiguration#download: Downloading sse-gateway
2026-01-02 17:04:27.155+0000 [id=331]	INFO	h.model.UpdateCenter$DownloadJob#run: Installation successful: sse-gateway
2026-01-02 17:04:27.155+0000 [id=331]	INFO	h.model.UpdateCenter$DownloadJob#run: Starting the installation of blueocean-events on behalf of admin
2026-01-02 17:04:27.155+0000 [id=331]	INFO	h.m.UpdateCenter$UpdateCenterConfiguration#download: Downloading blueocean-events
2026-01-02 17:04:28.567+0000 [id=331]	INFO	h.model.UpdateCenter$DownloadJob#run: Installation successful: blueocean-events
2026-01-02 17:04:28.567+0000 [id=331]	INFO	h.model.UpdateCenter$DownloadJob#run: Starting the installation of blueocean-pipeline-editor on behalf of admin
2026-01-02 17:04:28.567+0000 [id=331]	INFO	h.m.UpdateCenter$UpdateCenterConfiguration#download: Downloading blueocean-pipeline-editor
2026-01-02 17:04:30.126+0000 [id=331]	INFO	h.model.UpdateCenter$DownloadJob#run: Installation successful: blueocean-pipeline-editor
2026-01-02 17:04:30.126+0000 [id=331]	INFO	h.model.UpdateCenter$DownloadJob#run: Starting the installation of blueocean-i18n on behalf of admin
2026-01-02 17:04:30.126+0000 [id=331]	INFO	h.m.UpdateCenter$UpdateCenterConfiguration#download: Downloading blueocean-i18n
2026-01-02 17:04:31.522+0000 [id=331]	INFO	h.model.UpdateCenter$DownloadJob#run: Installation successful: blueocean-i18n
2026-01-02 17:04:31.522+0000 [id=331]	INFO	h.model.UpdateCenter$DownloadJob#run: Starting the installation of blueocean on behalf of admin
2026-01-02 17:04:31.522+0000 [id=331]	INFO	h.m.UpdateCenter$UpdateCenterConfiguration#download: Downloading blueocean
2026-01-02 17:04:33.019+0000 [id=331]	INFO	h.model.UpdateCenter$DownloadJob#run: Installation successful: blueocean
2026-01-02 17:04:33.019+0000 [id=331]	INFO	h.m.UpdateCenter$CompleteBatchJob#run: Completing installing of plugin batch…
2026-01-02 17:04:33.625+0000 [id=401]	INFO	jenkins.InitReactorRunner$1#onAttained: Started initialization
2026-01-02 17:04:33.629+0000 [id=406]	INFO	jenkins.InitReactorRunner$1#onAttained: Listed all plugins
2026-01-02 17:04:33.634+0000 [id=412]	INFO	jenkins.InitReactorRunner$1#onAttained: Prepared all plugins
2026-01-02 17:04:33.635+0000 [id=416]	INFO	jenkins.InitReactorRunner$1#onAttained: Started all plugins
2026-01-02 17:04:33.637+0000 [id=421]	INFO	jenkins.InitReactorRunner$1#onAttained: Augmented all extensions
2026-01-02 17:04:33.638+0000 [id=424]	INFO	jenkins.InitReactorRunner$1#onAttained: System config loaded
2026-01-02 17:04:33.638+0000 [id=423]	INFO	jenkins.InitReactorRunner$1#onAttained: System config adapted
2026-01-02 17:04:33.638+0000 [id=402]	INFO	jenkins.InitReactorRunner$1#onAttained: Loaded all jobs
2026-01-02 17:04:33.639+0000 [id=406]	INFO	jenkins.InitReactorRunner$1#onAttained: Configuration for all jobs updated
2026-01-02 17:04:33.639+0000 [id=404]	INFO	jenkins.InitReactorRunner$1#onAttained: Completed initialization
2026-01-02 17:04:33.641+0000 [id=331]	INFO	h.m.UpdateCenter$CompleteBatchJob#run: Completed installation of 30 plugins in 49 sec
2026-01-02 17:39:39.591+0000 [id=44]	INFO	winstone.Logger#logInternal: JVM is terminating. Shutting down Jetty
2026-01-02 17:39:39.592+0000 [id=44]	INFO	org.eclipse.jetty.server.Server#doStop: Stopped oejs.Server@3668d4{STOPPING}[12.0.25,sto=0]
2026-01-02 17:39:39.597+0000 [id=44]	INFO	o.e.j.server.AbstractConnector#doStop: Stopped ServerConnector@7bca6fac{HTTP/1.1, (http/1.1)}{0.0.0.0:8080}
2026-01-02 17:39:39.601+0000 [id=44]	INFO	hudson.lifecycle.Lifecycle#onStatusUpdate: Stopping Jenkins
2026-01-02 17:39:39.616+0000 [id=44]	INFO	jenkins.model.Jenkins$17#onAttained: Started termination
2026-01-02 17:39:39.625+0000 [id=44]	INFO	h.p.b.global.Lifecycle#shutdown: Shutdown complete - Global TimeOut ScheduledExecutorService had 0 tasks pending
2026-01-02 17:39:39.625+0000 [id=44]	INFO	jenkins.model.Jenkins$17#onAttained: Completed termination
2026-01-02 17:39:39.625+0000 [id=44]	INFO	jenkins.model.Jenkins#_cleanUpDisconnectComputers: Starting node disconnection
2026-01-02 17:39:39.639+0000 [id=44]	INFO	jenkins.model.Jenkins#_cleanUpShutdownPluginManager: Stopping plugin manager
2026-01-02 17:39:39.673+0000 [id=44]	INFO	jenkins.model.Jenkins#_cleanUpPersistQueue: Persisting build queue
2026-01-02 17:39:39.683+0000 [id=44]	INFO	jenkins.model.Jenkins#_cleanUpAwaitDisconnects: Waiting for node disconnection completion
2026-01-02 17:39:39.683+0000 [id=44]	INFO	hudson.lifecycle.Lifecycle#onStatusUpdate: Jenkins stopped
Running from: /usr/share/jenkins/jenkins.war
webroot: /var/jenkins_home/war
2026-01-02 17:39:41.697+0000 [id=1]	INFO	winstone.Logger#logInternal: Beginning extraction from war file
2026-01-02 17:39:41.806+0000 [id=1]	WARNING	o.e.j.ee9.nested.ContextHandler#setContextPath: Empty contextPath
2026-01-02 17:39:41.861+0000 [id=1]	INFO	org.eclipse.jetty.server.Server#doStart: jetty-12.0.25; built: 2025-08-11T23:52:37.219Z; git: a862b76d8372e24205765182d9ae1d1d333ce2ea; jvm 21.0.9+10-LTS
2026-01-02 17:39:42.334+0000 [id=1]	INFO	o.e.j.e.w.StandardDescriptorProcessor#visitServlet: NO JSP Support for /, did not find org.eclipse.jetty.ee9.jsp.JettyJspServlet
2026-01-02 17:39:42.398+0000 [id=1]	INFO	o.e.j.s.DefaultSessionIdManager#doStart: Session workerName=node0
2026-01-02 17:39:42.852+0000 [id=1]	INFO	hudson.WebAppMain#contextInitialized: Jenkins home directory: /var/jenkins_home found at: EnvVars.masterEnvVars.get("JENKINS_HOME")
2026-01-02 17:39:42.998+0000 [id=1]	INFO	o.e.j.s.handler.ContextHandler#doStart: Started oeje9n.ContextHandler$CoreContextHandler@5432050b{Jenkins v2.528.3,/,b=file:///var/jenkins_home/war/,a=AVAILABLE,h=oeje9n.ContextHandler$CoreContextHandler$CoreToNestedHandler@75f2099{STARTED}}
2026-01-02 17:39:43.009+0000 [id=1]	INFO	o.e.j.server.AbstractConnector#doStart: Started ServerConnector@3703bf3c{HTTP/1.1, (http/1.1)}{0.0.0.0:8080}
2026-01-02 17:39:43.022+0000 [id=1]	INFO	org.eclipse.jetty.server.Server#doStart: Started oejs.Server@4a883b15{STARTING}[12.0.25,sto=0] @1915ms
2026-01-02 17:39:43.023+0000 [id=43]	INFO	winstone.Logger#logInternal: Winstone Servlet Engine running: controlPort=disabled
2026-01-02 17:39:43.187+0000 [id=42]	INFO	jenkins.model.Jenkins#<init>: Starting version 2.528.3
2026-01-02 17:39:43.274+0000 [id=49]	INFO	jenkins.InitReactorRunner$1#onAttained: Started initialization
2026-01-02 17:39:43.537+0000 [id=49]	INFO	jenkins.InitReactorRunner$1#onAttained: Listed all plugins
2026-01-02 17:39:47.442+0000 [id=49]	INFO	jenkins.InitReactorRunner$1#onAttained: Prepared all plugins
2026-01-02 17:39:47.463+0000 [id=62]	INFO	jenkins.InitReactorRunner$1#onAttained: Started all plugins
2026-01-02 17:39:47.465+0000 [id=67]	INFO	jenkins.InitReactorRunner$1#onAttained: Augmented all extensions
2026-01-02 17:39:48.003+0000 [id=58]	INFO	h.p.b.g.GlobalTimeOutConfiguration#load: global timeout not set
2026-01-02 17:39:48.356+0000 [id=69]	INFO	jenkins.InitReactorRunner$1#onAttained: System config loaded
2026-01-02 17:39:48.357+0000 [id=68]	INFO	jenkins.InitReactorRunner$1#onAttained: System config adapted
2026-01-02 17:39:48.490+0000 [id=65]	INFO	jenkins.InitReactorRunner$1#onAttained: Loaded all jobs
2026-01-02 17:39:48.499+0000 [id=51]	INFO	jenkins.InitReactorRunner$1#onAttained: Configuration for all jobs updated
2026-01-02 17:39:48.506+0000 [id=75]	WARNING	j.u.ErrorLoggingScheduledThreadPoolExecutor#afterExecute: failure in task not wrapped in SafeTimerTask
java.lang.NullPointerException: Cannot invoke "hudson.model.User.impersonate()" because "proxyUser" is null
	at PluginClassLoader for blueocean//io.jenkins.blueocean.plugin.diagnosis.BlueOceanCredentialsMonitor.findCredentials(BlueOceanCredentialsMonitor.java:133)
	at PluginClassLoader for blueocean//io.jenkins.blueocean.plugin.diagnosis.BlueOceanCredentialsMonitor.scanInstance(BlueOceanCredentialsMonitor.java:113)
	at jenkins.security.ImpersonatingScheduledExecutorService$1.run(ImpersonatingScheduledExecutorService.java:67)
	at java.base/java.util.concurrent.Executors$RunnableAdapter.call(Unknown Source)
	at java.base/java.util.concurrent.FutureTask.runAndReset(Unknown Source)
	at java.base/java.util.concurrent.ScheduledThreadPoolExecutor$ScheduledFutureTask.run(Unknown Source)
	at java.base/java.util.concurrent.ThreadPoolExecutor.runWorker(Unknown Source)
	at java.base/java.util.concurrent.ThreadPoolExecutor$Worker.run(Unknown Source)
	at java.base/java.lang.Thread.run(Unknown Source)
2026-01-02 17:39:48.528+0000 [id=64]	INFO	jenkins.InitReactorRunner$1#onAttained: Completed initialization
2026-01-02 17:39:48.605+0000 [id=42]	INFO	hudson.lifecycle.Lifecycle#onReady: Jenkins is fully up and running
2026-01-02 17:39:56.982+0000 [id=44]	INFO	winstone.Logger#logInternal: JVM is terminating. Shutting down Jetty
2026-01-02 17:39:56.983+0000 [id=44]	INFO	org.eclipse.jetty.server.Server#doStop: Stopped oejs.Server@4a883b15{STOPPING}[12.0.25,sto=0]
2026-01-02 17:39:56.987+0000 [id=44]	INFO	o.e.j.server.AbstractConnector#doStop: Stopped ServerConnector@3703bf3c{HTTP/1.1, (http/1.1)}{0.0.0.0:8080}
2026-01-02 17:39:56.990+0000 [id=44]	INFO	hudson.lifecycle.Lifecycle#onStatusUpdate: Stopping Jenkins
2026-01-02 17:39:57.001+0000 [id=44]	INFO	jenkins.model.Jenkins$17#onAttained: Started termination
2026-01-02 17:39:57.010+0000 [id=44]	INFO	h.p.b.global.Lifecycle#shutdown: Shutdown complete - Global TimeOut ScheduledExecutorService had 0 tasks pending
2026-01-02 17:39:57.011+0000 [id=44]	INFO	jenkins.model.Jenkins$17#onAttained: Completed termination
2026-01-02 17:39:57.011+0000 [id=44]	INFO	jenkins.model.Jenkins#_cleanUpDisconnectComputers: Starting node disconnection
2026-01-02 17:39:57.024+0000 [id=44]	INFO	jenkins.model.Jenkins#_cleanUpShutdownPluginManager: Stopping plugin manager
2026-01-02 17:39:57.038+0000 [id=44]	INFO	jenkins.model.Jenkins#_cleanUpPersistQueue: Persisting build queue
2026-01-02 17:39:57.046+0000 [id=44]	INFO	jenkins.model.Jenkins#_cleanUpAwaitDisconnects: Waiting for node disconnection completion
2026-01-02 17:39:57.047+0000 [id=44]	INFO	hudson.lifecycle.Lifecycle#onStatusUpdate: Jenkins stopped
Running from: /usr/share/jenkins/jenkins.war
webroot: /var/jenkins_home/war
2026-01-02 17:43:58.558+0000 [id=1]	INFO	winstone.Logger#logInternal: Beginning extraction from war file
2026-01-02 17:43:58.642+0000 [id=1]	WARNING	o.e.j.ee9.nested.ContextHandler#setContextPath: Empty contextPath
2026-01-02 17:43:58.694+0000 [id=1]	INFO	org.eclipse.jetty.server.Server#doStart: jetty-12.0.25; built: 2025-08-11T23:52:37.219Z; git: a862b76d8372e24205765182d9ae1d1d333ce2ea; jvm 21.0.9+10-LTS
2026-01-02 17:43:59.167+0000 [id=1]	INFO	o.e.j.e.w.StandardDescriptorProcessor#visitServlet: NO JSP Support for /, did not find org.eclipse.jetty.ee9.jsp.JettyJspServlet
2026-01-02 17:43:59.232+0000 [id=1]	INFO	o.e.j.s.DefaultSessionIdManager#doStart: Session workerName=node0
2026-01-02 17:43:59.683+0000 [id=1]	INFO	hudson.WebAppMain#contextInitialized: Jenkins home directory: /var/jenkins_home found at: EnvVars.masterEnvVars.get("JENKINS_HOME")
2026-01-02 17:43:59.828+0000 [id=1]	INFO	o.e.j.s.handler.ContextHandler#doStart: Started oeje9n.ContextHandler$CoreContextHandler@5432050b{Jenkins v2.528.3,/,b=file:///var/jenkins_home/war/,a=AVAILABLE,h=oeje9n.ContextHandler$CoreContextHandler$CoreToNestedHandler@75f2099{STARTED}}
2026-01-02 17:43:59.839+0000 [id=1]	INFO	o.e.j.server.AbstractConnector#doStart: Started ServerConnector@3703bf3c{HTTP/1.1, (http/1.1)}{0.0.0.0:8080}
2026-01-02 17:43:59.852+0000 [id=1]	INFO	org.eclipse.jetty.server.Server#doStart: Started oejs.Server@4a883b15{STARTING}[12.0.25,sto=0] @1967ms
2026-01-02 17:43:59.853+0000 [id=43]	INFO	winstone.Logger#logInternal: Winstone Servlet Engine running: controlPort=disabled
2026-01-02 17:44:00.068+0000 [id=42]	INFO	jenkins.model.Jenkins#<init>: Starting version 2.528.3
2026-01-02 17:44:00.189+0000 [id=49]	INFO	jenkins.InitReactorRunner$1#onAttained: Started initialization
2026-01-02 17:44:00.472+0000 [id=67]	INFO	jenkins.InitReactorRunner$1#onAttained: Listed all plugins
2026-01-02 17:44:02.223+0000 [id=49]	INFO	jenkins.InitReactorRunner$1#onAttained: Prepared all plugins
2026-01-02 17:44:02.244+0000 [id=60]	INFO	jenkins.InitReactorRunner$1#onAttained: Started all plugins
2026-01-02 17:44:02.246+0000 [id=61]	INFO	jenkins.InitReactorRunner$1#onAttained: Augmented all extensions
2026-01-02 17:44:02.813+0000 [id=68]	INFO	h.p.b.g.GlobalTimeOutConfiguration#load: global timeout not set
2026-01-02 17:44:03.195+0000 [id=58]	INFO	jenkins.InitReactorRunner$1#onAttained: System config loaded
2026-01-02 17:44:03.196+0000 [id=58]	INFO	jenkins.InitReactorRunner$1#onAttained: System config adapted
2026-01-02 17:44:03.407+0000 [id=68]	INFO	jenkins.InitReactorRunner$1#onAttained: Loaded all jobs
2026-01-02 17:44:03.421+0000 [id=61]	INFO	jenkins.InitReactorRunner$1#onAttained: Configuration for all jobs updated
2026-01-02 17:44:03.429+0000 [id=76]	WARNING	j.u.ErrorLoggingScheduledThreadPoolExecutor#afterExecute: failure in task not wrapped in SafeTimerTask
java.lang.NullPointerException: Cannot invoke "hudson.model.User.impersonate()" because "proxyUser" is null
	at PluginClassLoader for blueocean//io.jenkins.blueocean.plugin.diagnosis.BlueOceanCredentialsMonitor.findCredentials(BlueOceanCredentialsMonitor.java:133)
	at PluginClassLoader for blueocean//io.jenkins.blueocean.plugin.diagnosis.BlueOceanCredentialsMonitor.scanInstance(BlueOceanCredentialsMonitor.java:113)
	at jenkins.security.ImpersonatingScheduledExecutorService$1.run(ImpersonatingScheduledExecutorService.java:67)
	at java.base/java.util.concurrent.Executors$RunnableAdapter.call(Unknown Source)
	at java.base/java.util.concurrent.FutureTask.runAndReset(Unknown Source)
	at java.base/java.util.concurrent.ScheduledThreadPoolExecutor$ScheduledFutureTask.run(Unknown Source)
	at java.base/java.util.concurrent.ThreadPoolExecutor.runWorker(Unknown Source)
	at java.base/java.util.concurrent.ThreadPoolExecutor$Worker.run(Unknown Source)
	at java.base/java.lang.Thread.run(Unknown Source)
2026-01-02 17:44:03.454+0000 [id=60]	INFO	jenkins.InitReactorRunner$1#onAttained: Completed initialization
2026-01-02 17:44:03.556+0000 [id=42]	INFO	hudson.lifecycle.Lifecycle#onReady: Jenkins is fully up and running
